<?xml version="1.0" encoding="UTF-8"?>
<!-- Generated by org.testng.reporters.JUnitReportReporter -->
<testsuite hostname="LAPTOP-0PDP3944" failures="0" tests="11" name="com.selenium.test.FinalTest" time="118.325" errors="0" timestamp="28 Nov 2022 09:03:44 GMT" skipped="0">
  <testcase classname="com.selenium.test.FinalTest" name="Test11" time="21.144"/>
  <testcase classname="com.selenium.test.FinalTest" name="Test1" time="5.462"/>
  <testcase classname="com.selenium.test.FinalTest" name="Test5" time="12.893"/>
  <testcase classname="com.selenium.test.FinalTest" name="Test3" time="5.875"/>
  <testcase classname="com.selenium.test.FinalTest" name="Test9" time="11.956"/>
  <testcase classname="com.selenium.test.FinalTest" name="Test8" time="11.658"/>
  <testcase classname="com.selenium.test.FinalTest" name="Test2" time="6.134"/>
  <testcase classname="com.selenium.test.FinalTest" name="Test6" time="11.968"/>
  <testcase classname="com.selenium.test.FinalTest" name="Test10" time="14.063"/>
  <testcase classname="com.selenium.test.FinalTest" name="Test7" time="11.627"/>
  <testcase classname="com.selenium.test.FinalTest" name="Test4" time="5.545"/>
</testsuite> <!-- com.selenium.test.FinalTest -->
