<?xml version="1.0" encoding="UTF-8"?>
<!-- Generated by org.testng.reporters.JUnitReportReporter -->
<testsuite hostname="LAPTOP-0PDP3944" failures="0" tests="1" name="com.selenium.test.TestDemo" time="2.989" errors="0" timestamp="23 Nov 2022 09:06:57 GMT" skipped="0">
  <testcase classname="com.selenium.test.TestDemo" name="test" time="2.989"/>
</testsuite> <!-- com.selenium.test.TestDemo -->
