<?xml version="1.0" encoding="UTF-8"?>
<!-- Generated by org.testng.reporters.JUnitReportReporter -->
<testsuite hostname="LAPTOP-0PDP3944" failures="0" tests="1" name="com.selenium.test.SeleniumTest" time="12.070" errors="0" timestamp="26 Nov 2022 09:24:50 GMT" skipped="0">
  <testcase classname="com.selenium.test.SeleniumTest" name="deleteAccountCheck" time="12.070"/>
</testsuite> <!-- com.selenium.test.SeleniumTest -->
